04/23/2014 11:32:19 AM STAR Batch Command:

Input Directory: /media/firewire/TCGA-GBM-DNA-WGS-WUGSC
File Extension: .fastq.gz
Processors: 43
clip5pNbases: 6
outFilterMultimapNmax: 1000
genomeDir: /opt/star/index/hg19+ribosomal+human_virus+phage
Batch File: batch_042314-113219.sh

04/23/2014 11:32:19 AM Starting command:
STAR --genomeDir /opt/star/index/hg19+ribosomal+human_virus+phage --clip5pNbases 6 --outFilterMultimapNmax 1000 --limitIObufferSize 2750000000 --readFilesIn /media/firewire/TCGA-GBM-DNA-WGS-WUGSC/Tumor/06812dde-bf9a-4ecb-847d-52dc927c385b/TCGA-06-0208-01A-01D-0512-09_whole.bam_bam2fastq_1.fastq.gz /media/firewire/TCGA-GBM-DNA-WGS-WUGSC/Tumor/06812dde-bf9a-4ecb-847d-52dc927c385b/TCGA-06-0208-01A-01D-0512-09_whole.bam_bam2fastq_2.fastq.gz --readFilesCommand gunzip -c --outReadsUnmapped Fastx --runThreadN 43 --outFileNamePrefix /media/firewire/TCGA-GBM-DNA-WGS-WUGSC/Tumor/06812dde-bf9a-4ecb-847d-52dc927c385b/TCGA-06-0208-01A-01D-0512-09_whole.bam_bam2fastq_STAR_paired_Clip6_Repeat1000_hg19+ribosomal+human_virus+phage.sam ;

04/23/2014 06:32:53 PM Finished command:
	STAR --genomeDir /opt/star/index/hg19+ribosomal+human_virus+phage --clip5pNbases 6 --outFilterMultimapNmax 1000 --limitIObufferSize 2750000000 --readFilesIn /media/firewire/TCGA-GBM-DNA-WGS-WUGSC/Tumor/06812dde-bf9a-4ecb-847d-52dc927c385b/TCGA-06-0208-01A-01D-0512-09_whole.bam_bam2fastq_1.fastq.gz /media/firewire/TCGA-GBM-DNA-WGS-WUGSC/Tumor/06812dde-bf9a-4ecb-847d-52dc927c385b/TCGA-06-0208-01A-01D-0512-09_whole.bam_bam2fastq_2.fastq.gz --readFilesCommand gunzip -c --outReadsUnmapped Fastx --runThreadN 43 --outFileNamePrefix /media/firewire/TCGA-GBM-DNA-WGS-WUGSC/Tumor/06812dde-bf9a-4ecb-847d-52dc927c385b/TCGA-06-0208-01A-01D-0512-09_whole.bam_bam2fastq_STAR_paired_Clip6_Repeat1000_hg19+ribosomal+human_virus+phage.sam ;

04/23/2014 06:32:53 PM Starting command:
STAR --genomeDir /opt/star/index/hg19+ribosomal+human_virus+phage --clip5pNbases 6 --outFilterMultimapNmax 1000 --limitIObufferSize 2750000000 --readFilesIn /media/firewire/TCGA-GBM-DNA-WGS-WUGSC/Tumor/06812dde-bf9a-4ecb-847d-52dc927c385b/TCGA-06-0208-01A-01D-0512-09_whole.bam_bam2fastq_1.fastq.gz /media/firewire/TCGA-GBM-DNA-WGS-WUGSC/Tumor/06812dde-bf9a-4ecb-847d-52dc927c385b/TCGA-06-0208-01A-01D-0512-09_whole.bam_bam2fastq_2.fastq.gz --readFilesCommand gunzip -c --outReadsUnmapped Fastx --runThreadN 43 --outFileNamePrefix /media/firewire/TCGA-GBM-DNA-WGS-WUGSC/Tumor/06812dde-bf9a-4ecb-847d-52dc927c385b/TCGA-06-0208-01A-01D-0512-09_whole.bam_bam2fastq_STAR_paired_Clip6_Repeat1000_hg19+ribosomal+human_virus+phage.sam ;

04/24/2014 01:31:51 AM Finished command:
	STAR --genomeDir /opt/star/index/hg19+ribosomal+human_virus+phage --clip5pNbases 6 --outFilterMultimapNmax 1000 --limitIObufferSize 2750000000 --readFilesIn /media/firewire/TCGA-GBM-DNA-WGS-WUGSC/Tumor/06812dde-bf9a-4ecb-847d-52dc927c385b/TCGA-06-0208-01A-01D-0512-09_whole.bam_bam2fastq_1.fastq.gz /media/firewire/TCGA-GBM-DNA-WGS-WUGSC/Tumor/06812dde-bf9a-4ecb-847d-52dc927c385b/TCGA-06-0208-01A-01D-0512-09_whole.bam_bam2fastq_2.fastq.gz --readFilesCommand gunzip -c --outReadsUnmapped Fastx --runThreadN 43 --outFileNamePrefix /media/firewire/TCGA-GBM-DNA-WGS-WUGSC/Tumor/06812dde-bf9a-4ecb-847d-52dc927c385b/TCGA-06-0208-01A-01D-0512-09_whole.bam_bam2fastq_STAR_paired_Clip6_Repeat1000_hg19+ribosomal+human_virus+phage.sam ;

04/24/2014 01:31:51 AM Starting command:
STAR --genomeDir /opt/star/index/hg19+ribosomal+human_virus+phage --clip5pNbases 6 --outFilterMultimapNmax 1000 --limitIObufferSize 2750000000 --readFilesIn /media/firewire/TCGA-GBM-DNA-WGS-WUGSC/Tumor/0e55832b-32c8-4759-9b43-29e8af629af0/TCGA-06-0155-01B-01D-0932-09_IlluminaGA-DNASeq_whole.bam_bam2fastq_1.fastq.gz /media/firewire/TCGA-GBM-DNA-WGS-WUGSC/Tumor/0e55832b-32c8-4759-9b43-29e8af629af0/TCGA-06-0155-01B-01D-0932-09_IlluminaGA-DNASeq_whole.bam_bam2fastq_2.fastq.gz --readFilesCommand gunzip -c --outReadsUnmapped Fastx --runThreadN 43 --outFileNamePrefix /media/firewire/TCGA-GBM-DNA-WGS-WUGSC/Tumor/0e55832b-32c8-4759-9b43-29e8af629af0/TCGA-06-0155-01B-01D-0932-09_IlluminaGA-DNASeq_whole.bam_bam2fastq_STAR_paired_Clip6_Repeat1000_hg19+ribosomal+human_virus+phage.sam ;

04/24/2014 08:52:38 AM Finished command:
	STAR --genomeDir /opt/star/index/hg19+ribosomal+human_virus+phage --clip5pNbases 6 --outFilterMultimapNmax 1000 --limitIObufferSize 2750000000 --readFilesIn /media/firewire/TCGA-GBM-DNA-WGS-WUGSC/Tumor/0e55832b-32c8-4759-9b43-29e8af629af0/TCGA-06-0155-01B-01D-0932-09_IlluminaGA-DNASeq_whole.bam_bam2fastq_1.fastq.gz /media/firewire/TCGA-GBM-DNA-WGS-WUGSC/Tumor/0e55832b-32c8-4759-9b43-29e8af629af0/TCGA-06-0155-01B-01D-0932-09_IlluminaGA-DNASeq_whole.bam_bam2fastq_2.fastq.gz --readFilesCommand gunzip -c --outReadsUnmapped Fastx --runThreadN 43 --outFileNamePrefix /media/firewire/TCGA-GBM-DNA-WGS-WUGSC/Tumor/0e55832b-32c8-4759-9b43-29e8af629af0/TCGA-06-0155-01B-01D-0932-09_IlluminaGA-DNASeq_whole.bam_bam2fastq_STAR_paired_Clip6_Repeat1000_hg19+ribosomal+human_virus+phage.sam ;

04/24/2014 08:52:38 AM Starting command:
STAR --genomeDir /opt/star/index/hg19+ribosomal+human_virus+phage --clip5pNbases 6 --outFilterMultimapNmax 1000 --limitIObufferSize 2750000000 --readFilesIn /media/firewire/TCGA-GBM-DNA-WGS-WUGSC/Tumor/0e55832b-32c8-4759-9b43-29e8af629af0/TCGA-06-0155-01B-01D-0932-09_IlluminaGA-DNASeq_whole.bam_bam2fastq_1.fastq.gz /media/firewire/TCGA-GBM-DNA-WGS-WUGSC/Tumor/0e55832b-32c8-4759-9b43-29e8af629af0/TCGA-06-0155-01B-01D-0932-09_IlluminaGA-DNASeq_whole.bam_bam2fastq_2.fastq.gz --readFilesCommand gunzip -c --outReadsUnmapped Fastx --runThreadN 43 --outFileNamePrefix /media/firewire/TCGA-GBM-DNA-WGS-WUGSC/Tumor/0e55832b-32c8-4759-9b43-29e8af629af0/TCGA-06-0155-01B-01D-0932-09_IlluminaGA-DNASeq_whole.bam_bam2fastq_STAR_paired_Clip6_Repeat1000_hg19+ribosomal+human_virus+phage.sam ;

