04/16/2014 04:18:35 PM STAR Batch Command:

Input Directory: testing
File Extension: .txt
Processors: 43
clip5pNbases: 6
outFilterMultimapNmax: 10
genomeDir: /home/gene/star_batch
Batch File: batch_041614-161835.sh

04/16/2014 04:18:35 PM Starting command:
	STAR --genomeDir /home/gene/star_batch --clip5pNbases 6 --outFilterMultimapNmax 10 --limitIObufferSize 2750000000 --readFilesIn /home/gene/star_batch/testing/_1.txt /home/gene/star_batch/testing/_2.txt --readFilesCommand gunzip -c --outReadsUnmapped Fastx --runThreadN 43 --outFileNamePrefix _STAR_paired_Clip6_Repeat10_star_batch.sam --genomeLoad=LoadAndKeep;

04/16/2014 04:18:35 PM Finished command:
	STAR --genomeDir /home/gene/star_batch --clip5pNbases 6 --outFilterMultimapNmax 10 --limitIObufferSize 2750000000 --readFilesIn /home/gene/star_batch/testing/_1.txt /home/gene/star_batch/testing/_2.txt --readFilesCommand gunzip -c --outReadsUnmapped Fastx --runThreadN 43 --outFileNamePrefix _STAR_paired_Clip6_Repeat10_star_batch.sam --genomeLoad=LoadAndKeep;

04/16/2014 04:18:35 PM Starting command:
	STAR --genomeDir /home/gene/star_batch --clip5pNbases 6 --outFilterMultimapNmax 10 --limitIObufferSize 2750000000 --readFilesIn /home/gene/star_batch/testing/_1.txt /home/gene/star_batch/testing/_2.txt --readFilesCommand gunzip -c --outReadsUnmapped Fastx --runThreadN 43 --outFileNamePrefix _STAR_paired_Clip6_Repeat10_star_batch.sam --genomeLoad=LoadAndKeep;

04/16/2014 04:18:35 PM Finished command:
	STAR --genomeDir /home/gene/star_batch --clip5pNbases 6 --outFilterMultimapNmax 10 --limitIObufferSize 2750000000 --readFilesIn /home/gene/star_batch/testing/_1.txt /home/gene/star_batch/testing/_2.txt --readFilesCommand gunzip -c --outReadsUnmapped Fastx --runThreadN 43 --outFileNamePrefix _STAR_paired_Clip6_Repeat10_star_batch.sam --genomeLoad=LoadAndKeep;

04/16/2014 04:18:35 PM Starting command:
	STAR --genomeLoad=Remove;
04/16/2014 04:18:35 PM Finished command:
	STAR --genomeLoad=Remove;
